# JRE version: OpenJDK Runtime Environment Temurin-17.0.18+8 (17.0.18+8) (build 17.0.18+8)
# Java VM: OpenJDK 64-Bit Server VM Temurin-17.0.18+8 (17.0.18+8, mixed mode, sharing, tiered, compressed oops, compressed class ptrs, g1 gc, windows-amd64)
GC Precious Log:
 CPUs: 12 total, 12 available
 Memory: 7528M
 Large Page Support: Disabled
 NUMA Support: Disabled
 Compressed Oops: Enabled (32-bit)
 Heap Region Size: 1M
 Heap Min Capacity: 8M
 Heap Initial Capacity: 118M
 Heap Max Capacity: 512M
 Pre-touch: Disabled
 Parallel Workers: 10
 Concurrent Workers: 3
 Concurrent Refinement Workers: 10
 Periodic GC: Disabled
Heap:
 garbage-first heap   total 95232K, used 74491K [0x00000000e0000000, 0x0000000100000000)
  region size 1024K, 40 young (40960K), 3 survivors (3072K)
 Metaspace       used 38221K, committed 38656K, reserved 278528K
  class space    used 5286K, committed 5504K, reserved 212992K
GC Heap History (20 events):
Event: 9.330 GC heap before
{Heap before GC invocations=31 (full 0):
 garbage-first heap   total 95232K, used 80607K [0x00000000e0000000, 0x0000000100000000)
  region size 1024K, 47 young (48128K), 3 survivors (3072K)
 Metaspace       used 38165K, committed 38592K, reserved 278528K
  class space    used 5276K, committed 5504K, reserved 212992K
}
Event: 9.332 GC heap after
{Heap after GC invocations=32 (full 0):
 garbage-first heap   total 95232K, used 35650K [0x00000000e0000000, 0x0000000100000000)
  region size 1024K, 3 young (3072K), 3 survivors (3072K)
 Metaspace       used 38165K, committed 38592K, reserved 278528K
  class space    used 5276K, committed 5504K, reserved 212992K
}
Event: 9.401 GC heap before
{Heap before GC invocations=32 (full 0):
 garbage-first heap   total 95232K, used 80706K [0x00000000e0000000, 0x0000000100000000)
  region size 1024K, 47 young (48128K), 3 survivors (3072K)
 Metaspace       used 38165K, committed 38592K, reserved 278528K
  class space    used 5276K, committed 5504K, reserved 212992K
}
Event: 9.403 GC heap after
{Heap after GC invocations=33 (full 0):
 garbage-first heap   total 95232K, used 35716K [0x00000000e0000000, 0x0000000100000000)
  region size 1024K, 3 young (3072K), 3 survivors (3072K)
 Metaspace       used 38165K, committed 38592K, reserved 278528K
  class space    used 5276K, committed 5504K, reserved 212992K
}
Event: 9.478 GC heap before
{Heap before GC invocations=33 (full 0):
 garbage-first heap   total 95232K, used 80772K [0x00000000e0000000, 0x0000000100000000)
  region size 1024K, 47 young (48128K), 3 survivors (3072K)
 Metaspace       used 38166K, committed 38592K, reserved 278528K
  class space    used 5276K, committed 5504K, reserved 212992K
}
Event: 9.481 GC heap after
{Heap after GC invocations=34 (full 0):
 garbage-first heap   total 95232K, used 35871K [0x00000000e0000000, 0x0000000100000000)
  region size 1024K, 3 young (3072K), 3 survivors (3072K)
 Metaspace       used 38166K, committed 38592K, reserved 278528K
  class space    used 5276K, committed 5504K, reserved 212992K
}
Event: 9.595 GC heap before
{Heap before GC invocations=34 (full 0):
 garbage-first heap   total 95232K, used 65567K [0x00000000e0000000, 0x0000000100000000)
  region size 1024K, 25 young (25600K), 3 survivors (3072K)
 Metaspace       used 38170K, committed 38656K, reserved 278528K
  class space    used 5276K, committed 5504K, reserved 212992K
}
Event: 9.598 GC heap after
{Heap after GC invocations=35 (full 0):
 garbage-first heap   total 95232K, used 35986K [0x00000000e0000000, 0x0000000100000000)
  region size 1024K, 3 young (3072K), 3 survivors (3072K)
 Metaspace       used 38170K, committed 38656K, reserved 278528K
  class space    used 5276K, committed 5504K, reserved 212992K
}
Event: 9.872 GC heap before
{Heap before GC invocations=35 (full 0):
 garbage-first heap   total 95232K, used 82066K [0x00000000e0000000, 0x0000000100000000)
  region size 1024K, 46 young (47104K), 3 survivors (3072K)
 Metaspace       used 38173K, committed 38656K, reserved 278528K
  class space    used 5276K, committed 5504K, reserved 212992K
}
Event: 9.875 GC heap after
{Heap after GC invocations=36 (full 0):
 garbage-first heap   total 95232K, used 36249K [0x00000000e0000000, 0x0000000100000000)
  region size 1024K, 3 young (3072K), 3 survivors (3072K)
 Metaspace       used 38173K, committed 38656K, reserved 278528K
  class space    used 5276K, committed 5504K, reserved 212992K
}
Event: 10.058 GC heap before
{Heap before GC invocations=36 (full 0):
 garbage-first heap   total 95232K, used 80281K [0x00000000e0000000, 0x0000000100000000)
  region size 1024K, 46 young (47104K), 3 survivors (3072K)
 Metaspace       used 38176K, committed 38656K, reserved 278528K
  class space    used 5277K, committed 5504K, reserved 212992K
}
Event: 10.063 GC heap after
{Heap after GC invocations=37 (full 0):
 garbage-first heap   total 95232K, used 36651K [0x00000000e0000000, 0x0000000100000000)
  region size 1024K, 3 young (3072K), 3 survivors (3072K)
 Metaspace       used 38176K, committed 38656K, reserved 278528K
  class space    used 5277K, committed 5504K, reserved 212992K
}
Event: 10.257 GC heap before
{Heap before GC invocations=37 (full 0):
 garbage-first heap   total 95232K, used 80683K [0x00000000e0000000, 0x0000000100000000)
  region size 1024K, 46 young (47104K), 3 survivors (3072K)
 Metaspace       used 38176K, committed 38656K, reserved 278528K
  class space    used 5277K, committed 5504K, reserved 212992K
}
Event: 10.261 GC heap after
{Heap after GC invocations=38 (full 0):
 garbage-first heap   total 95232K, used 36732K [0x00000000e0000000, 0x0000000100000000)
  region size 1024K, 3 young (3072K), 3 survivors (3072K)
 Metaspace       used 38176K, committed 38656K, reserved 278528K
  class space    used 5277K, committed 5504K, reserved 212992K
}
Event: 10.421 GC heap before
{Heap before GC invocations=38 (full 0):
 garbage-first heap   total 95232K, used 80764K [0x00000000e0000000, 0x0000000100000000)
  region size 1024K, 46 young (47104K), 3 survivors (3072K)
 Metaspace       used 38176K, committed 38656K, reserved 278528K
  class space    used 5277K, committed 5504K, reserved 212992K
}
Event: 10.424 GC heap after
{Heap after GC invocations=39 (full 0):
 garbage-first heap   total 95232K, used 36967K [0x00000000e0000000, 0x0000000100000000)
  region size 1024K, 3 young (3072K), 3 survivors (3072K)
 Metaspace       used 38176K, committed 38656K, reserved 278528K
  class space    used 5277K, committed 5504K, reserved 212992K
}
Event: 11.560 GC heap before
{Heap before GC invocations=39 (full 0):
 garbage-first heap   total 95232K, used 80999K [0x00000000e0000000, 0x0000000100000000)
  region size 1024K, 46 young (47104K), 3 survivors (3072K)
 Metaspace       used 38176K, committed 38656K, reserved 278528K
  class space    used 5277K, committed 5504K, reserved 212992K
}
Event: 11.563 GC heap after
{Heap after GC invocations=40 (full 0):
 garbage-first heap   total 95232K, used 37354K [0x00000000e0000000, 0x0000000100000000)
  region size 1024K, 3 young (3072K), 3 survivors (3072K)
 Metaspace       used 38176K, committed 38656K, reserved 278528K
  class space    used 5277K, committed 5504K, reserved 212992K
}
Event: 12.656 GC heap before
{Heap before GC invocations=40 (full 0):
 garbage-first heap   total 95232K, used 80362K [0x00000000e0000000, 0x0000000100000000)
  region size 1024K, 45 young (46080K), 3 survivors (3072K)
 Metaspace       used 38221K, committed 38656K, reserved 278528K
  class space    used 5286K, committed 5504K, reserved 212992K
}
Event: 12.659 GC heap after
{Heap after GC invocations=41 (full 0):
 garbage-first heap   total 95232K, used 37627K [0x00000000e0000000, 0x0000000100000000)
  region size 1024K, 3 young (3072K), 3 survivors (3072K)
 Metaspace       used 38221K, committed 38656K, reserved 278528K
  class space    used 5286K, committed 5504K, reserved 212992K
}

